<<<<<<< HEAD
/*C3*/SET SCHEMA PUBLIC
DISCONNECT
/*C4*/SET SCHEMA PUBLIC
INSERT INTO PLAYER VALUES(5,NULL,'FUNICIONOUPORRA',NULL,NULL,NULL,NULL,NULL)
COMMIT
DELETE FROM PLAYER WHERE ID=1
DELETE FROM PLAYER WHERE ID=5
DELETE FROM PLAYER WHERE ID=251
DELETE FROM PLAYER WHERE ID=401
COMMIT
DELETE FROM POKEMONSTRO WHERE ID=1
DELETE FROM POKEMONSTRO WHERE ID=51
DELETE FROM POKEMONSTRO WHERE ID=101
DELETE FROM POKEMONSTRO WHERE ID=151
DELETE FROM POKEMONSTRO WHERE ID=201
COMMIT
DELETE FROM SEQUENCE WHERE SEQ_NAME='SEQ_GEN'
=======
/*C2*/SET SCHEMA PUBLIC
ALTER SEQUENCE PUBLIC.SEQ_GEN_SEQUENCE RESTART WITH 1300
ALTER SEQUENCE SEQ_GEN_SEQUENCE INCREMENT BY 50
DELETE FROM SEQUENCE WHERE SEQ_NAME='SEQ_GEN'
INSERT INTO SEQUENCE VALUES('SEQ_GEN',150)
COMMIT
INSERT INTO POKEMONSTRO VALUES(101,NULL,100,'Pastelowisk','hipertrofia')
>>>>>>> 2a23728ee8f9ef62afc070b8b081e4691378eb4e
COMMIT
